2023-11-17 19:09:47,598 INFO org.hibernate.validator.internal.util.Version [background-preinit] HV000001: Hibernate Validator 6.2.5.Final
2023-11-17 19:09:47,602 INFO org.springframework.boot.StartupInfoLogger [restartedMain] Starting UniReviewApplication using Java 20.0.2 on DESKTOP-BURFA59 with PID 14796 (C:\Users\user\Desktop\Nuevo UniReview\UniReviewImages\UniReviewNewAPIRest\target\classes started by user in C:\Users\user\Desktop\Nuevo UniReview\UniReviewImages\UniReviewNewAPIRest)
2023-11-17 19:09:47,602 DEBUG org.springframework.boot.StartupInfoLogger [restartedMain] Running with Spring Boot v2.7.15, Spring v5.3.29
2023-11-17 19:09:47,603 INFO org.springframework.boot.SpringApplication [restartedMain] No active profile set, falling back to 1 default profile: "default"
2023-11-17 19:09:47,641 INFO org.springframework.boot.logging.DeferredLog [restartedMain] Devtools property defaults active! Set 'spring.devtools.add-properties' to 'false' to disable
2023-11-17 19:09:47,641 INFO org.springframework.boot.logging.DeferredLog [restartedMain] For additional web related logging consider setting the 'logging.level.web' property to 'DEBUG'
2023-11-17 19:09:48,671 INFO org.springframework.data.repository.config.RepositoryConfigurationDelegate [restartedMain] Bootstrapping Spring Data JPA repositories in DEFAULT mode.
2023-11-17 19:09:48,838 INFO org.springframework.data.repository.config.RepositoryConfigurationDelegate [restartedMain] Finished Spring Data repository scanning in 159 ms. Found 9 JPA repository interfaces.
2023-11-17 19:09:49,367 INFO org.springframework.boot.web.embedded.tomcat.TomcatWebServer [restartedMain] Tomcat initialized with port(s): 8080 (http)
2023-11-17 19:09:49,375 INFO org.apache.juli.logging.DirectJDKLog [restartedMain] Initializing ProtocolHandler ["http-nio-8080"]
2023-11-17 19:09:49,377 INFO org.apache.juli.logging.DirectJDKLog [restartedMain] Starting service [Tomcat]
2023-11-17 19:09:49,377 INFO org.apache.juli.logging.DirectJDKLog [restartedMain] Starting Servlet engine: [Apache Tomcat/9.0.79]
2023-11-17 19:09:49,456 INFO org.apache.juli.logging.DirectJDKLog [restartedMain] Initializing Spring embedded WebApplicationContext
2023-11-17 19:09:49,456 INFO org.springframework.boot.web.servlet.context.ServletWebServerApplicationContext [restartedMain] Root WebApplicationContext: initialization completed in 1815 ms
2023-11-17 19:09:49,575 INFO org.hibernate.jpa.internal.util.LogHelper [restartedMain] HHH000204: Processing PersistenceUnitInfo [name: default]
2023-11-17 19:09:49,717 INFO org.hibernate.Version [restartedMain] HHH000412: Hibernate ORM core version 5.6.15.Final
2023-11-17 19:09:49,888 INFO org.hibernate.annotations.common.reflection.java.JavaReflectionManager [restartedMain] HCANN000001: Hibernate Commons Annotations {5.1.2.Final}
2023-11-17 19:09:49,978 INFO com.zaxxer.hikari.HikariDataSource [restartedMain] HikariPool-1 - Starting...
2023-11-17 19:09:50,141 INFO com.zaxxer.hikari.HikariDataSource [restartedMain] HikariPool-1 - Start completed.
2023-11-17 19:09:50,158 INFO org.hibernate.dialect.Dialect [restartedMain] HHH000400: Using dialect: org.hibernate.dialect.PostgreSQLDialect
2023-11-17 19:09:50,874 INFO org.hibernate.engine.transaction.jta.platform.internal.JtaPlatformInitiator [restartedMain] HHH000490: Using JtaPlatform implementation: [org.hibernate.engine.transaction.jta.platform.internal.NoJtaPlatform]
2023-11-17 19:09:50,882 INFO org.springframework.orm.jpa.AbstractEntityManagerFactoryBean [restartedMain] Initialized JPA EntityManagerFactory for persistence unit 'default'
2023-11-17 19:09:51,240 DEBUG org.springframework.web.filter.GenericFilterBean [restartedMain] Filter 'jwtRequestFilter' configured for use
2023-11-17 19:09:51,400 WARN org.springframework.boot.autoconfigure.orm.jpa.JpaBaseConfiguration$JpaWebConfiguration [restartedMain] spring.jpa.open-in-view is enabled by default. Therefore, database queries may be performed during view rendering. Explicitly configure spring.jpa.open-in-view to disable this warning
2023-11-17 19:09:51,784 INFO org.springframework.security.web.DefaultSecurityFilterChain [restartedMain] Will secure any request with [org.springframework.security.web.session.DisableEncodeUrlFilter@220ecff1, org.springframework.security.web.context.request.async.WebAsyncManagerIntegrationFilter@112fcf08, org.springframework.security.web.context.SecurityContextPersistenceFilter@8aaf8e5, org.springframework.security.web.header.HeaderWriterFilter@a5bf45d, org.springframework.security.web.authentication.logout.LogoutFilter@2766ca4b, com.upc.unireview.security.JwtRequestFilter@698b4b75, org.springframework.security.web.savedrequest.RequestCacheAwareFilter@403f016e, org.springframework.security.web.servletapi.SecurityContextHolderAwareRequestFilter@52a1b965, org.springframework.security.web.authentication.AnonymousAuthenticationFilter@5cc84575, org.springframework.security.web.session.SessionManagementFilter@66d1d19d, org.springframework.security.web.access.ExceptionTranslationFilter@7c427ef9, org.springframework.security.web.access.intercept.FilterSecurityInterceptor@82766ae]
2023-11-17 19:09:52,353 INFO org.springframework.boot.devtools.autoconfigure.OptionalLiveReloadServer [restartedMain] LiveReload server is running on port 35729
2023-11-17 19:09:52,368 INFO org.apache.juli.logging.DirectJDKLog [restartedMain] Starting ProtocolHandler ["http-nio-8080"]
2023-11-17 19:09:52,384 INFO org.springframework.boot.web.embedded.tomcat.TomcatWebServer [restartedMain] Tomcat started on port(s): 8080 (http) with context path ''
2023-11-17 19:09:52,393 INFO org.springframework.boot.StartupInfoLogger [restartedMain] Started UniReviewApplication in 5.177 seconds (JVM running for 8.417)
2023-11-17 19:10:16,697 INFO org.apache.juli.logging.DirectJDKLog [http-nio-8080-exec-1] Initializing Spring DispatcherServlet 'dispatcherServlet'
2023-11-17 19:10:16,697 INFO org.springframework.web.servlet.FrameworkServlet [http-nio-8080-exec-1] Initializing Servlet 'dispatcherServlet'
2023-11-17 19:10:16,699 INFO org.springframework.web.servlet.FrameworkServlet [http-nio-8080-exec-1] Completed initialization in 2 ms
2023-11-17 20:38:40,244 INFO org.springframework.orm.jpa.AbstractEntityManagerFactoryBean [SpringApplicationShutdownHook] Closing JPA EntityManagerFactory for persistence unit 'default'
2023-11-17 20:38:40,248 INFO com.zaxxer.hikari.HikariDataSource [SpringApplicationShutdownHook] HikariPool-1 - Shutdown initiated...
2023-11-17 20:38:40,250 INFO com.zaxxer.hikari.HikariDataSource [SpringApplicationShutdownHook] HikariPool-1 - Shutdown completed.
